<?xml version="1.0" encoding="UTF-8"?>
<!-- Generated by org.testng.reporters.JUnitXMLReporter -->
<testsuite ignored="0" hostname="Prasanth" failures="0" tests="3" name="Default test" time="31.903" errors="0" timestamp="2024-03-26T16:20:14 IST">
  <testcase classname="loginPageTests.Test01" name="LoginTest" time="3.378"/>
  <testcase classname="loginPageTests.Test01" name="LoginTest" time="3.667"/>
  <testcase classname="loginPageTests.Test01" name="TestLogin" time="4.807"/>
</testsuite> <!-- Default test -->
