<?xml version="1.0" encoding="UTF-8"?>
<testng-results ignored="0" total="1" passed="1" failed="0" skipped="0">
  <reporter-output>
  </reporter-output>
  <suite started-at="2024-03-25T23:19:02 IST" name="Default suite" finished-at="2024-03-25T23:19:13 IST" duration-ms="11420">
    <groups>
    </groups>
    <test started-at="2024-03-25T23:19:02 IST" name="Default test" finished-at="2024-03-25T23:19:13 IST" duration-ms="11420">
      <class name="loginPageTests.Test01">
        <test-method is-config="true" signature="setup()[pri:0, instance:loginPageTests.Test01@52af26ee]" started-at="2024-03-25T23:19:02 IST" name="setup" finished-at="2024-03-25T23:19:09 IST" duration-ms="7458" status="PASS">
          <reporter-output>
          </reporter-output>
        </test-method> <!-- setup -->
        <test-method signature="TestLogin()[pri:0, instance:loginPageTests.Test01@52af26ee]" started-at="2024-03-25T23:19:09 IST" name="TestLogin" finished-at="2024-03-25T23:19:13 IST" duration-ms="3505" status="PASS">
          <reporter-output>
          </reporter-output>
        </test-method> <!-- TestLogin -->
        <test-method is-config="true" signature="EndTest()[pri:0, instance:loginPageTests.Test01@52af26ee]" started-at="2024-03-25T23:19:13 IST" name="EndTest" finished-at="2024-03-25T23:19:13 IST" duration-ms="389" status="PASS">
          <reporter-output>
          </reporter-output>
        </test-method> <!-- EndTest -->
      </class> <!-- loginPageTests.Test01 -->
    </test> <!-- Default test -->
  </suite> <!-- Default suite -->
</testng-results>
